<testsuite name="aged_brie.Aged Brie Quality Improvement" tests="15" errors="0" failures="0" skipped="0" time="0.011336" timestamp="2025-12-08T23:14:19.807459" hostname="2445ANACANDIDO.local"><testcase classname="aged_brie.Aged Brie Quality Improvement" name="Aged Brie quality increases by 1 before sell date" status="passed" time="0.001301"><system-out>
<![CDATA[
@scenario.begin

  @smoke
  Scenario: Aged Brie quality increases by 1 before sell date
    Given the Gilded Rose inventory system ... passed in 0.001s
    Given an Aged Brie with sellIn 10 and quality 20 ... passed in 0.000s
    When the system updates quality ... passed in 0.000s
    Then the quality should be 21 ... passed in 0.000s
    And the sellIn should be 9 ... passed in 0.000s

@scenario.end
--------------------------------------------------------------------------------
]]>
</system-out></testcase><testcase classname="aged_brie.Aged Brie Quality Improvement" name="Aged Brie quality increases by 2 on sell date" status="passed" time="0.000733"><system-out>
<![CDATA[
@scenario.begin

  @transition
  Scenario: Aged Brie quality increases by 2 on sell date
    Given the Gilded Rose inventory system ... passed in 0.000s
    Given an Aged Brie with sellIn 0 and quality 20 ... passed in 0.000s
    When the system updates quality ... passed in 0.000s
    Then the quality should be 22 ... passed in 0.000s
    And the sellIn should be -1 ... passed in 0.000s

@scenario.end
--------------------------------------------------------------------------------
]]>
</system-out></testcase><testcase classname="aged_brie.Aged Brie Quality Improvement" name="Aged Brie quality increases by 2 after sell date" status="passed" time="0.00037"><system-out>
<![CDATA[
@scenario.begin
  Scenario: Aged Brie quality increases by 2 after sell date
    Given the Gilded Rose inventory system ... passed in 0.000s
    Given an Aged Brie with sellIn -1 and quality 20 ... passed in 0.000s
    When the system updates quality ... passed in 0.000s
    Then the quality should be 22 ... passed in 0.000s
    And the sellIn should be -2 ... passed in 0.000s

@scenario.end
--------------------------------------------------------------------------------
]]>
</system-out></testcase><testcase classname="aged_brie.Aged Brie Quality Improvement" name="Aged Brie quality never exceeds 50" status="passed" time="0.000592"><system-out>
<![CDATA[
@scenario.begin

  @edge_case @quality_ceiling
  Scenario: Aged Brie quality never exceeds 50
    Given the Gilded Rose inventory system ... passed in 0.000s
    Given an Aged Brie with sellIn 5 and quality 50 ... passed in 0.000s
    When the system updates quality ... passed in 0.000s
    Then the quality should be 50 ... passed in 0.000s
    And the sellIn should be 4 ... passed in 0.000s

@scenario.end
--------------------------------------------------------------------------------
]]>
</system-out></testcase><testcase classname="aged_brie.Aged Brie Quality Improvement" name="Aged Brie at quality 49 increases to 50 (not beyond)" status="passed" time="0.000413"><system-out>
<![CDATA[
@scenario.begin

  @edge_case @quality_ceiling
  Scenario: Aged Brie at quality 49 increases to 50 (not beyond)
    Given the Gilded Rose inventory system ... passed in 0.000s
    Given an Aged Brie with sellIn 5 and quality 49 ... passed in 0.000s
    When the system updates quality ... passed in 0.000s
    Then the quality should be 50 ... passed in 0.000s
    And the sellIn should be 4 ... passed in 0.000s

@scenario.end
--------------------------------------------------------------------------------
]]>
</system-out></testcase><testcase classname="aged_brie.Aged Brie Quality Improvement" name="Aged Brie at quality 49 after sell date caps at 50" status="passed" time="0.000697"><system-out>
<![CDATA[
@scenario.begin

  @edge_case @quality_ceiling
  Scenario: Aged Brie at quality 49 after sell date caps at 50
    Given the Gilded Rose inventory system ... passed in 0.000s
    Given an Aged Brie with sellIn -1 and quality 49 ... passed in 0.000s
    When the system updates quality ... passed in 0.000s
    Then the quality should be 50 ... passed in 0.000s
    And the sellIn should be -2 ... passed in 0.000s

@scenario.end
--------------------------------------------------------------------------------
]]>
</system-out></testcase><testcase classname="aged_brie.Aged Brie Quality Improvement" name="Aged Brie at quality 48 after sell date caps at 50" status="passed" time="0.000492"><system-out>
<![CDATA[
@scenario.begin

  @edge_case @quality_ceiling
  Scenario: Aged Brie at quality 48 after sell date caps at 50
    Given the Gilded Rose inventory system ... passed in 0.000s
    Given an Aged Brie with sellIn -1 and quality 48 ... passed in 0.000s
    When the system updates quality ... passed in 0.000s
    Then the quality should be 50 ... passed in 0.000s
    And the sellIn should be -2 ... passed in 0.000s

@scenario.end
--------------------------------------------------------------------------------
]]>
</system-out></testcase><testcase classname="aged_brie.Aged Brie Quality Improvement" name="Aged Brie starting at quality 0 increases normally" status="passed" time="0.000381"><system-out>
<![CDATA[
@scenario.begin

  @edge_case @quality_floor
  Scenario: Aged Brie starting at quality 0 increases normally
    Given the Gilded Rose inventory system ... passed in 0.000s
    Given an Aged Brie with sellIn 5 and quality 0 ... passed in 0.000s
    When the system updates quality ... passed in 0.000s
    Then the quality should be 1 ... passed in 0.000s
    And the sellIn should be 4 ... passed in 0.000s

@scenario.end
--------------------------------------------------------------------------------
]]>
</system-out></testcase><testcase classname="aged_brie.Aged Brie Quality Improvement" name="Aged Brie with very negative sellIn improves by 2" status="passed" time="0.000381"><system-out>
<![CDATA[
@scenario.begin

  @regression
  Scenario: Aged Brie with very negative sellIn improves by 2
    Given the Gilded Rose inventory system ... passed in 0.000s
    Given an Aged Brie with sellIn -10 and quality 20 ... passed in 0.000s
    When the system updates quality ... passed in 0.000s
    Then the quality should be 22 ... passed in 0.000s
    And the sellIn should be -11 ... passed in 0.000s

@scenario.end
--------------------------------------------------------------------------------
]]>
</system-out></testcase><testcase classname="aged_brie.Aged Brie Quality Improvement" name="Aged Brie quality improvement over time -- @1.1 " status="passed" time="0.000641"><system-out>
<![CDATA[
@scenario.begin

  @time_progression
  Scenario Outline: Aged Brie quality improvement over time -- @1.1 
    Given the Gilded Rose inventory system ... passed in 0.000s
    Given an Aged Brie with sellIn 10 and quality 0 ... passed in 0.000s
    When 1 days pass ... passed in 0.000s
    Then the quality should be 1 ... passed in 0.000s
    And the sellIn should be 9 ... passed in 0.000s

@scenario.end
--------------------------------------------------------------------------------
]]>
</system-out></testcase><testcase classname="aged_brie.Aged Brie Quality Improvement" name="Aged Brie quality improvement over time -- @1.2 " status="passed" time="0.000954"><system-out>
<![CDATA[
@scenario.begin

  @time_progression
  Scenario Outline: Aged Brie quality improvement over time -- @1.2 
    Given the Gilded Rose inventory system ... passed in 0.000s
    Given an Aged Brie with sellIn 10 and quality 20 ... passed in 0.000s
    When 5 days pass ... passed in 0.000s
    Then the quality should be 25 ... passed in 0.000s
    And the sellIn should be 5 ... passed in 0.000s

@scenario.end
--------------------------------------------------------------------------------
]]>
</system-out></testcase><testcase classname="aged_brie.Aged Brie Quality Improvement" name="Aged Brie quality improvement over time -- @1.3 " status="passed" time="0.000446"><system-out>
<![CDATA[
@scenario.begin

  @time_progression
  Scenario Outline: Aged Brie quality improvement over time -- @1.3 
    Given the Gilded Rose inventory system ... passed in 0.000s
    Given an Aged Brie with sellIn 5 and quality 40 ... passed in 0.000s
    When 5 days pass ... passed in 0.000s
    Then the quality should be 45 ... passed in 0.000s
    And the sellIn should be 0 ... passed in 0.000s

@scenario.end
--------------------------------------------------------------------------------
]]>
</system-out></testcase><testcase classname="aged_brie.Aged Brie Quality Improvement" name="Aged Brie quality improvement over time -- @1.4 " status="passed" time="0.00185"><system-out>
<![CDATA[
@scenario.begin

  @time_progression
  Scenario Outline: Aged Brie quality improvement over time -- @1.4 
    Given the Gilded Rose inventory system ... passed in 0.000s
    Given an Aged Brie with sellIn 2 and quality 45 ... passed in 0.001s
    When 3 days pass ... passed in 0.000s
    Then the quality should be 49 ... passed in 0.000s
    And the sellIn should be -1 ... passed in 0.000s

@scenario.end
--------------------------------------------------------------------------------
]]>
</system-out></testcase><testcase classname="aged_brie.Aged Brie Quality Improvement" name="Aged Brie quality improvement over time -- @1.5 " status="passed" time="0.000835"><system-out>
<![CDATA[
@scenario.begin

  @time_progression
  Scenario Outline: Aged Brie quality improvement over time -- @1.5 
    Given the Gilded Rose inventory system ... passed in 0.000s
    Given an Aged Brie with sellIn 0 and quality 48 ... passed in 0.000s
    When 1 days pass ... passed in 0.000s
    Then the quality should be 50 ... passed in 0.000s
    And the sellIn should be -1 ... passed in 0.000s

@scenario.end
--------------------------------------------------------------------------------
]]>
</system-out></testcase><testcase classname="aged_brie.Aged Brie Quality Improvement" name="Aged Brie quality improvement over time -- @1.6 " status="passed" time="0.001248"><system-out>
<![CDATA[
@scenario.begin

  @time_progression
  Scenario Outline: Aged Brie quality improvement over time -- @1.6 
    Given the Gilded Rose inventory system ... passed in 0.000s
    Given an Aged Brie with sellIn -5 and quality 30 ... passed in 0.000s
    When 5 days pass ... passed in 0.000s
    Then the quality should be 40 ... passed in 0.000s
    And the sellIn should be -10 ... passed in 0.000s

@scenario.end
--------------------------------------------------------------------------------
]]>
</system-out></testcase></testsuite>