<testsuite name="quality_boundaries.Quality Boundary Enforcement" tests="21" errors="0" failures="0" skipped="0" time="0.01847" timestamp="2025-12-08T23:14:20.129525" hostname="2445ANACANDIDO.local"><testcase classname="quality_boundaries.Quality Boundary Enforcement" name="Normal item quality cannot go below 0" status="passed" time="0.000716"><system-out>
<![CDATA[
@scenario.begin

  @quality_floor @normal
  Scenario: Normal item quality cannot go below 0
    Given the Gilded Rose inventory system ... passed in 0.000s
    Given a normal item with sellIn 5 and quality 0 ... passed in 0.000s
    When the system updates quality ... passed in 0.000s
    Then the quality should be 0 ... passed in 0.000s

@scenario.end
--------------------------------------------------------------------------------
]]>
</system-out></testcase><testcase classname="quality_boundaries.Quality Boundary Enforcement" name="Aged Brie can start at quality 0" status="passed" time="0.000934"><system-out>
<![CDATA[
@scenario.begin

  @quality_floor @aged_brie
  Scenario: Aged Brie can start at quality 0
    Given the Gilded Rose inventory system ... passed in 0.000s
    Given an Aged Brie with sellIn 5 and quality 0 ... passed in 0.000s
    When the system updates quality ... passed in 0.000s
    Then the quality should be 1 ... passed in 0.000s

@scenario.end
--------------------------------------------------------------------------------
]]>
</system-out></testcase><testcase classname="quality_boundaries.Quality Boundary Enforcement" name="Aged Brie quality cannot exceed 50" status="passed" time="0.000865"><system-out>
<![CDATA[
@scenario.begin

  @quality_ceiling @aged_brie
  Scenario: Aged Brie quality cannot exceed 50
    Given the Gilded Rose inventory system ... passed in 0.000s
    Given an Aged Brie with sellIn 5 and quality 50 ... passed in 0.000s
    When the system updates quality ... passed in 0.000s
    Then the quality should be 50 ... passed in 0.000s

@scenario.end
--------------------------------------------------------------------------------
]]>
</system-out></testcase><testcase classname="quality_boundaries.Quality Boundary Enforcement" name="Backstage pass quality cannot exceed 50" status="passed" time="0.001036"><system-out>
<![CDATA[
@scenario.begin

  @quality_ceiling @backstage
  Scenario: Backstage pass quality cannot exceed 50
    Given the Gilded Rose inventory system ... passed in 0.000s
    Given a Backstage pass with sellIn 5 and quality 50 ... passed in 0.000s
    When the system updates quality ... passed in 0.000s
    Then the quality should be 50 ... passed in 0.000s

@scenario.end
--------------------------------------------------------------------------------
]]>
</system-out></testcase><testcase classname="quality_boundaries.Quality Boundary Enforcement" name="Sulfuras quality is always 80 (exception to 50 limit)" status="passed" time="0.001164"><system-out>
<![CDATA[
@scenario.begin

  @quality_exception @legendary
  Scenario: Sulfuras quality is always 80 (exception to 50 limit)
    Given the Gilded Rose inventory system ... passed in 0.000s
    Given a Sulfuras with sellIn 0 and quality 80 ... passed in 0.000s
    When the system updates quality ... passed in 0.000s
    Then the quality should be 80 ... passed in 0.000s

@scenario.end
--------------------------------------------------------------------------------
]]>
</system-out></testcase><testcase classname="quality_boundaries.Quality Boundary Enforcement" name="Backstage pass after concert drops to 0" status="passed" time="0.001132"><system-out>
<![CDATA[
@scenario.begin

  @quality_floor @backstage @expired
  Scenario: Backstage pass after concert drops to 0
    Given the Gilded Rose inventory system ... passed in 0.000s
    Given a Backstage pass with sellIn -1 and quality 45 ... passed in 0.000s
    When the system updates quality ... passed in 0.000s
    Then the quality should be 0 ... passed in 0.000s

@scenario.end
--------------------------------------------------------------------------------
]]>
</system-out></testcase><testcase classname="quality_boundaries.Quality Boundary Enforcement" name="Quality boundaries are enforced for all item types -- @1.1 Quality floor (minimum 0)" status="passed" time="0.001041"><system-out>
<![CDATA[
@scenario.begin

  @scenario_outline @quality_limits
  Scenario Outline: Quality boundaries are enforced for all item types -- @1.1 Quality floor (minimum 0)
    Given the Gilded Rose inventory system ... passed in 0.000s
    Given a normal item with sellIn 5 and quality 0 ... passed in 0.000s
    When the system updates quality ... passed in 0.000s
    Then the quality should be 0 ... passed in 0.000s

@scenario.end
--------------------------------------------------------------------------------
]]>
</system-out></testcase><testcase classname="quality_boundaries.Quality Boundary Enforcement" name="Quality boundaries are enforced for all item types -- @1.2 Quality floor (minimum 0)" status="passed" time="0.000992"><system-out>
<![CDATA[
@scenario.begin

  @scenario_outline @quality_limits
  Scenario Outline: Quality boundaries are enforced for all item types -- @1.2 Quality floor (minimum 0)
    Given the Gilded Rose inventory system ... passed in 0.000s
    Given a normal item with sellIn -1 and quality 1 ... passed in 0.000s
    When the system updates quality ... passed in 0.000s
    Then the quality should be 0 ... passed in 0.000s

@scenario.end
--------------------------------------------------------------------------------
]]>
</system-out></testcase><testcase classname="quality_boundaries.Quality Boundary Enforcement" name="Quality boundaries are enforced for all item types -- @1.3 Quality floor (minimum 0)" status="passed" time="0.001305"><system-out>
<![CDATA[
@scenario.begin

  @scenario_outline @quality_limits
  Scenario Outline: Quality boundaries are enforced for all item types -- @1.3 Quality floor (minimum 0)
    Given the Gilded Rose inventory system ... passed in 0.000s
    Given a normal item with sellIn -1 and quality 2 ... passed in 0.000s
    When the system updates quality ... passed in 0.000s
    Then the quality should be 0 ... passed in 0.000s

@scenario.end
--------------------------------------------------------------------------------
]]>
</system-out></testcase><testcase classname="quality_boundaries.Quality Boundary Enforcement" name="Quality boundaries are enforced for all item types -- @1.4 Quality floor (minimum 0)" status="passed" time="0.001256"><system-out>
<![CDATA[
@scenario.begin

  @scenario_outline @quality_limits
  Scenario Outline: Quality boundaries are enforced for all item types -- @1.4 Quality floor (minimum 0)
    Given the Gilded Rose inventory system ... passed in 0.000s
    Given an Aged Brie with sellIn 5 and quality 0 ... passed in 0.000s
    When the system updates quality ... passed in 0.000s
    Then the quality should be 1 ... passed in 0.000s

@scenario.end
--------------------------------------------------------------------------------
]]>
</system-out></testcase><testcase classname="quality_boundaries.Quality Boundary Enforcement" name="Quality boundaries are enforced for all item types -- @1.5 Quality floor (minimum 0)" status="passed" time="0.000888"><system-out>
<![CDATA[
@scenario.begin

  @scenario_outline @quality_limits
  Scenario Outline: Quality boundaries are enforced for all item types -- @1.5 Quality floor (minimum 0)
    Given the Gilded Rose inventory system ... passed in 0.000s
    Given a Backstage pass with sellIn 5 and quality 0 ... passed in 0.000s
    When the system updates quality ... passed in 0.000s
    Then the quality should be 3 ... passed in 0.000s

@scenario.end
--------------------------------------------------------------------------------
]]>
</system-out></testcase><testcase classname="quality_boundaries.Quality Boundary Enforcement" name="Quality boundaries are enforced for all item types -- @2.1 Quality ceiling (maximum 50, except Sulfuras)" status="passed" time="0.000704"><system-out>
<![CDATA[
@scenario.begin

  @scenario_outline @quality_limits
  Scenario Outline: Quality boundaries are enforced for all item types -- @2.1 Quality ceiling (maximum 50, except Sulfuras)
    Given the Gilded Rose inventory system ... passed in 0.000s
    Given an Aged Brie with sellIn 5 and quality 50 ... passed in 0.000s
    When the system updates quality ... passed in 0.000s
    Then the quality should be 50 ... passed in 0.000s

@scenario.end
--------------------------------------------------------------------------------
]]>
</system-out></testcase><testcase classname="quality_boundaries.Quality Boundary Enforcement" name="Quality boundaries are enforced for all item types -- @2.2 Quality ceiling (maximum 50, except Sulfuras)" status="passed" time="0.001034"><system-out>
<![CDATA[
@scenario.begin

  @scenario_outline @quality_limits
  Scenario Outline: Quality boundaries are enforced for all item types -- @2.2 Quality ceiling (maximum 50, except Sulfuras)
    Given the Gilded Rose inventory system ... passed in 0.000s
    Given an Aged Brie with sellIn 5 and quality 49 ... passed in 0.001s
    When the system updates quality ... passed in 0.000s
    Then the quality should be 50 ... passed in 0.000s

@scenario.end
--------------------------------------------------------------------------------
]]>
</system-out></testcase><testcase classname="quality_boundaries.Quality Boundary Enforcement" name="Quality boundaries are enforced for all item types -- @2.3 Quality ceiling (maximum 50, except Sulfuras)" status="passed" time="0.000775"><system-out>
<![CDATA[
@scenario.begin

  @scenario_outline @quality_limits
  Scenario Outline: Quality boundaries are enforced for all item types -- @2.3 Quality ceiling (maximum 50, except Sulfuras)
    Given the Gilded Rose inventory system ... passed in 0.000s
    Given an Aged Brie with sellIn -1 and quality 48 ... passed in 0.000s
    When the system updates quality ... passed in 0.000s
    Then the quality should be 50 ... passed in 0.000s

@scenario.end
--------------------------------------------------------------------------------
]]>
</system-out></testcase><testcase classname="quality_boundaries.Quality Boundary Enforcement" name="Quality boundaries are enforced for all item types -- @2.4 Quality ceiling (maximum 50, except Sulfuras)" status="passed" time="0.000736"><system-out>
<![CDATA[
@scenario.begin

  @scenario_outline @quality_limits
  Scenario Outline: Quality boundaries are enforced for all item types -- @2.4 Quality ceiling (maximum 50, except Sulfuras)
    Given the Gilded Rose inventory system ... passed in 0.000s
    Given a Backstage pass with sellIn 5 and quality 50 ... passed in 0.000s
    When the system updates quality ... passed in 0.000s
    Then the quality should be 50 ... passed in 0.000s

@scenario.end
--------------------------------------------------------------------------------
]]>
</system-out></testcase><testcase classname="quality_boundaries.Quality Boundary Enforcement" name="Quality boundaries are enforced for all item types -- @2.5 Quality ceiling (maximum 50, except Sulfuras)" status="passed" time="0.000586"><system-out>
<![CDATA[
@scenario.begin

  @scenario_outline @quality_limits
  Scenario Outline: Quality boundaries are enforced for all item types -- @2.5 Quality ceiling (maximum 50, except Sulfuras)
    Given the Gilded Rose inventory system ... passed in 0.000s
    Given a Backstage pass with sellIn 5 and quality 49 ... passed in 0.000s
    When the system updates quality ... passed in 0.000s
    Then the quality should be 50 ... passed in 0.000s

@scenario.end
--------------------------------------------------------------------------------
]]>
</system-out></testcase><testcase classname="quality_boundaries.Quality Boundary Enforcement" name="Quality boundaries are enforced for all item types -- @2.6 Quality ceiling (maximum 50, except Sulfuras)" status="passed" time="0.000634"><system-out>
<![CDATA[
@scenario.begin

  @scenario_outline @quality_limits
  Scenario Outline: Quality boundaries are enforced for all item types -- @2.6 Quality ceiling (maximum 50, except Sulfuras)
    Given the Gilded Rose inventory system ... passed in 0.000s
    Given a Backstage pass with sellIn 5 and quality 48 ... passed in 0.000s
    When the system updates quality ... passed in 0.000s
    Then the quality should be 50 ... passed in 0.000s

@scenario.end
--------------------------------------------------------------------------------
]]>
</system-out></testcase><testcase classname="quality_boundaries.Quality Boundary Enforcement" name="Quality boundaries are enforced for all item types -- @2.7 Quality ceiling (maximum 50, except Sulfuras)" status="passed" time="0.000656"><system-out>
<![CDATA[
@scenario.begin

  @scenario_outline @quality_limits
  Scenario Outline: Quality boundaries are enforced for all item types -- @2.7 Quality ceiling (maximum 50, except Sulfuras)
    Given the Gilded Rose inventory system ... passed in 0.000s
    Given a Backstage pass with sellIn 10 and quality 49 ... passed in 0.000s
    When the system updates quality ... passed in 0.000s
    Then the quality should be 50 ... passed in 0.000s

@scenario.end
--------------------------------------------------------------------------------
]]>
</system-out></testcase><testcase classname="quality_boundaries.Quality Boundary Enforcement" name="Quality boundaries are enforced for all item types -- @3.1 Sulfuras exception (always 80)" status="passed" time="0.001011"><system-out>
<![CDATA[
@scenario.begin

  @scenario_outline @quality_limits
  Scenario Outline: Quality boundaries are enforced for all item types -- @3.1 Sulfuras exception (always 80)
    Given the Gilded Rose inventory system ... passed in 0.000s
    Given a Sulfuras with sellIn 10 and quality 80 ... passed in 0.000s
    When the system updates quality ... passed in 0.000s
    Then the quality should be 80 ... passed in 0.000s

@scenario.end
--------------------------------------------------------------------------------
]]>
</system-out></testcase><testcase classname="quality_boundaries.Quality Boundary Enforcement" name="Quality boundaries are enforced for all item types -- @3.2 Sulfuras exception (always 80)" status="passed" time="0.00051"><system-out>
<![CDATA[
@scenario.begin

  @scenario_outline @quality_limits
  Scenario Outline: Quality boundaries are enforced for all item types -- @3.2 Sulfuras exception (always 80)
    Given the Gilded Rose inventory system ... passed in 0.000s
    Given a Sulfuras with sellIn 0 and quality 80 ... passed in 0.000s
    When the system updates quality ... passed in 0.000s
    Then the quality should be 80 ... passed in 0.000s

@scenario.end
--------------------------------------------------------------------------------
]]>
</system-out></testcase><testcase classname="quality_boundaries.Quality Boundary Enforcement" name="Quality boundaries are enforced for all item types -- @3.3 Sulfuras exception (always 80)" status="passed" time="0.000494"><system-out>
<![CDATA[
@scenario.begin

  @scenario_outline @quality_limits
  Scenario Outline: Quality boundaries are enforced for all item types -- @3.3 Sulfuras exception (always 80)
    Given the Gilded Rose inventory system ... passed in 0.000s
    Given a Sulfuras with sellIn -10 and quality 80 ... passed in 0.000s
    When the system updates quality ... passed in 0.000s
    Then the quality should be 80 ... passed in 0.000s

@scenario.end
--------------------------------------------------------------------------------
]]>
</system-out></testcase></testsuite>